<?xml version="1.0" encoding="UTF-8"?>
<act>
  <bml>
    <head type="shake"/>
  </bml>
</act>