<?xml version="1.0" encoding="UTF-8" standalone="no" ?>
<act>
	<participant id="doctor" role="actor"/>
	<turn end="give" start="take"/>
	<bml>
		<speech id="sp1" type="application/ssml+xml">
			<mark name="T0"/>I
			<mark name="T1"/>
			<mark name="T2"/>am
			<mark name="T3"/>
			<mark name="T4"/>Smart
			<mark name="T5"/>
			<mark name="T6"/>Bod
			<mark name="T7"/>
			<mark name="T8"/>eee.
			<mark name="T9"/>
		</speech>
		
		<!--Me Animation-->
		<animation name="HandsAtSide_RArm_GestureMe" stroke="sp1:T0"/>
		<!--Noun clause nod-->
		<head amount="0.2" ready="sp1:T4" relax="sp1:T5" repeats="0.5" type="NOD"/>
		<!--FACS-->
		<face type="facs" au="2" ready="sp1:T0" relax="sp1:T1"/>
		<face type="facs" au="2" ready="sp1:T0" relax="sp1:T1"/>
		<face type="facs" au="12" ready="sp1:T0" relax="sp1:T9"/>

		<!--Events-->
		<event message="sbm echo STARTED: bp-test-events:sp1" stroke="sp1:ready" />
		<event message="sbm echo COMPLETED: bp-test-events:sp1" stroke="sp1:relax" />
	</bml>
</act>