<?xml version="1.0" encoding="UTF-8" standalone="no" ?>
<act>
	<bml>
		<speech id="sp1" ref="" type="application/ssml+xml">
			<mark name="T0"/>hello<mark name="T1"/>
		</speech>

		<animation name="LHandOnHip_Arms_GestureWhy" priority="1" ready="sp1:T0" stroke="sp1:T1"/>
	</bml>
</act>